app/build/intermediates/manifest_merge_blame_file/debug/manifest-merger-blame-debug-report.txt
1<?xml version="1.0" encoding="utf-8"?>
2<manifest xmlns:android="http://schemas.android.com/apk/res/android"
3    package="com.example.handwritten_to_text"
4    android:versionCode="1"
5    android:versionName="1.0" >
6
7    <uses-sdk
8        android:minSdkVersion="26"
8-->src\main\AndroidManifest.xml
9        android:targetSdkVersion="30" />
9-->src\main\AndroidManifest.xml
10
11    <uses-permission android:name="android.permission.READ_EXTERNAL_STORAGE" />
11-->src\main\AndroidManifest.xml:5:5-80
11-->src\main\AndroidManifest.xml:5:22-77
12    <uses-permission android:name="android.permission.WRITE_EXTERNAL_STORAGE" />
12-->src\main\AndroidManifest.xml:6:5-81
12-->src\main\AndroidManifest.xml:6:22-78
13    <uses-permission android:name="android.permission.CAMERA" />
13-->src\main\AndroidManifest.xml:7:5-65
13-->src\main\AndroidManifest.xml:7:22-62
14    <uses-permission android:name="android.permission.READ_PHONE_STATE" />
14-->src\main\AndroidManifest.xml:8:5-75
14-->src\main\AndroidManifest.xml:8:22-72
15
16    <uses-feature
16-->src\main\AndroidManifest.xml:10:5-12:35
17        android:name="android.hardware.camera"
17-->src\main\AndroidManifest.xml:11:9-47
18        android:required="true" />
18-->src\main\AndroidManifest.xml:12:9-32
19
20    <uses-permission android:name="android.permission.INTERNET" />
20-->[com.google.firebase:firebase-auth:21.0.1] AndroidManifest.xml:23:5-67
20-->[com.google.firebase:firebase-auth:21.0.1] AndroidManifest.xml:23:22-64
21    <uses-permission android:name="android.permission.ACCESS_NETWORK_STATE" />
21-->[com.google.firebase:firebase-auth:21.0.1] AndroidManifest.xml:24:5-79
21-->[com.google.firebase:firebase-auth:21.0.1] AndroidManifest.xml:24:22-76
22    <uses-permission android:name="android.permission.WAKE_LOCK" />
22-->[com.google.android.gms:play-services-measurement-api:19.0.0] AndroidManifest.xml:24:5-68
22-->[com.google.android.gms:play-services-measurement-api:19.0.0] AndroidManifest.xml:24:22-65
23    <uses-permission android:name="com.google.android.finsky.permission.BIND_GET_INSTALL_REFERRER_SERVICE" />
23-->[com.google.android.gms:play-services-measurement:19.0.0] AndroidManifest.xml:26:5-110
23-->[com.google.android.gms:play-services-measurement:19.0.0] AndroidManifest.xml:26:22-107
24
25    <application
25-->src\main\AndroidManifest.xml:14:5-56:19
26        android:allowBackup="true"
26-->src\main\AndroidManifest.xml:15:9-35
27        android:appComponentFactory="androidx.core.app.CoreComponentFactory"
27-->[androidx.core:core:1.3.1] AndroidManifest.xml:24:18-86
28        android:debuggable="true"
29        android:extractNativeLibs="false"
30        android:icon="@mipmap/nikefootball"
30-->src\main\AndroidManifest.xml:16:9-44
31        android:label="@string/app_name"
31-->src\main\AndroidManifest.xml:17:9-41
32        android:requestLegacyExternalStorage="true"
32-->src\main\AndroidManifest.xml:18:9-52
33        android:roundIcon="@mipmap/ic_launcher_round"
33-->src\main\AndroidManifest.xml:19:9-54
34        android:supportsRtl="true"
34-->src\main\AndroidManifest.xml:20:9-35
35        android:theme="@style/AppTheme" >
35-->src\main\AndroidManifest.xml:21:9-40
36        <activity android:name="com.example.handwritten_to_text.PdfViewer" />
36-->src\main\AndroidManifest.xml:22:9-56
36-->src\main\AndroidManifest.xml:22:19-44
37        <activity android:name="com.example.handwritten_to_text.MainApp" />
37-->src\main\AndroidManifest.xml:23:9-45
37-->src\main\AndroidManifest.xml:23:19-42
38        <activity android:name="com.example.handwritten_to_text.Verification" />
38-->src\main\AndroidManifest.xml:24:9-50
38-->src\main\AndroidManifest.xml:24:19-47
39        <activity android:name="com.example.handwritten_to_text.LoginPage" >
39-->src\main\AndroidManifest.xml:25:9-31:20
39-->src\main\AndroidManifest.xml:25:19-44
40            <intent-filter>
40-->src\main\AndroidManifest.xml:26:13-30:29
41                <action android:name="android.intent.action.MAIN" />
41-->src\main\AndroidManifest.xml:27:17-69
41-->src\main\AndroidManifest.xml:27:25-66
42
43                <category android:name="android.intent.category.LAUNCHER" />
43-->src\main\AndroidManifest.xml:29:17-77
43-->src\main\AndroidManifest.xml:29:27-74
44            </intent-filter>
45        </activity>
46
47        <meta-data
47-->src\main\AndroidManifest.xml:33:9-35:35
48            android:name="com.google.mlkit.vision.DEPENDENCIES"
48-->src\main\AndroidManifest.xml:34:13-64
49            android:value="ocr" />
49-->src\main\AndroidManifest.xml:35:13-32
50
51        <provider
52            android:name="androidx.core.content.FileProvider"
52-->src\main\AndroidManifest.xml:38:13-62
53            android:authorities="com.example.android.fileprovider"
53-->src\main\AndroidManifest.xml:39:13-67
54            android:exported="false"
54-->src\main\AndroidManifest.xml:40:13-37
55            android:grantUriPermissions="true" >
55-->src\main\AndroidManifest.xml:41:13-47
56            <meta-data
56-->src\main\AndroidManifest.xml:42:13-44:53
57                android:name="android.support.FILE_PROVIDER_PATHS"
57-->src\main\AndroidManifest.xml:43:17-67
58                android:resource="@xml/file_path" />
58-->src\main\AndroidManifest.xml:44:17-50
59        </provider>
60        <provider
61            android:name="androidx.core.content.FileProvider"
61-->src\main\AndroidManifest.xml:38:13-62
62            android:authorities="com.example.handwritten_to_text.provider"
62-->src\main\AndroidManifest.xml:39:13-67
63            android:exported="false"
63-->src\main\AndroidManifest.xml:40:13-37
64            android:grantUriPermissions="true" >
64-->src\main\AndroidManifest.xml:41:13-47
65            <meta-data
65-->src\main\AndroidManifest.xml:42:13-44:53
66                android:name="android.support.FILE_PROVIDER_PATHS"
66-->src\main\AndroidManifest.xml:43:17-67
67                android:resource="@xml/provider_paths" />
67-->src\main\AndroidManifest.xml:44:17-50
68        </provider>
69
70        <service
70-->[com.google.android.gms:play-services-mlkit-text-recognition:16.2.0] AndroidManifest.xml:9:9-15:19
71            android:name="com.google.mlkit.common.internal.MlKitComponentDiscoveryService"
71-->[com.google.android.gms:play-services-mlkit-text-recognition:16.2.0] AndroidManifest.xml:10:13-91
72            android:directBootAware="true"
72-->[com.google.mlkit:common:17.1.1] AndroidManifest.xml:17:13-43
73            android:exported="false" >
73-->[com.google.android.gms:play-services-mlkit-text-recognition:16.2.0] AndroidManifest.xml:11:13-37
74            <meta-data
74-->[com.google.android.gms:play-services-mlkit-text-recognition:16.2.0] AndroidManifest.xml:12:13-14:85
75                android:name="com.google.firebase.components:com.google.mlkit.vision.text.internal.TextRegistrar"
75-->[com.google.android.gms:play-services-mlkit-text-recognition:16.2.0] AndroidManifest.xml:13:17-114
76                android:value="com.google.firebase.components.ComponentRegistrar" />
76-->[com.google.android.gms:play-services-mlkit-text-recognition:16.2.0] AndroidManifest.xml:14:17-82
77            <meta-data
77-->[com.google.mlkit:vision-common:16.3.0] AndroidManifest.xml:12:13-14:85
78                android:name="com.google.firebase.components:com.google.mlkit.vision.common.internal.VisionCommonRegistrar"
78-->[com.google.mlkit:vision-common:16.3.0] AndroidManifest.xml:13:17-124
79                android:value="com.google.firebase.components.ComponentRegistrar" />
79-->[com.google.mlkit:vision-common:16.3.0] AndroidManifest.xml:14:17-82
80            <meta-data
80-->[com.google.mlkit:common:17.1.1] AndroidManifest.xml:20:13-22:85
81                android:name="com.google.firebase.components:com.google.mlkit.common.internal.CommonComponentRegistrar"
81-->[com.google.mlkit:common:17.1.1] AndroidManifest.xml:21:17-120
82                android:value="com.google.firebase.components.ComponentRegistrar" />
82-->[com.google.mlkit:common:17.1.1] AndroidManifest.xml:22:17-82
83        </service>
84
85        <activity
85-->[com.google.firebase:firebase-auth:21.0.1] AndroidManifest.xml:27:9-44:20
86            android:name="com.google.firebase.auth.internal.GenericIdpActivity"
86-->[com.google.firebase:firebase-auth:21.0.1] AndroidManifest.xml:28:13-80
87            android:excludeFromRecents="true"
87-->[com.google.firebase:firebase-auth:21.0.1] AndroidManifest.xml:29:13-46
88            android:exported="true"
88-->[com.google.firebase:firebase-auth:21.0.1] AndroidManifest.xml:30:13-36
89            android:launchMode="singleTask"
89-->[com.google.firebase:firebase-auth:21.0.1] AndroidManifest.xml:31:13-44
90            android:theme="@android:style/Theme.Translucent.NoTitleBar" >
90-->[com.google.firebase:firebase-auth:21.0.1] AndroidManifest.xml:32:13-72
91            <intent-filter>
91-->[com.google.firebase:firebase-auth:21.0.1] AndroidManifest.xml:33:13-43:29
92                <action android:name="android.intent.action.VIEW" />
92-->[com.google.firebase:firebase-auth:21.0.1] AndroidManifest.xml:34:17-69
92-->[com.google.firebase:firebase-auth:21.0.1] AndroidManifest.xml:34:25-66
93
94                <category android:name="android.intent.category.DEFAULT" />
94-->[com.google.firebase:firebase-auth:21.0.1] AndroidManifest.xml:36:17-76
94-->[com.google.firebase:firebase-auth:21.0.1] AndroidManifest.xml:36:27-73
95                <category android:name="android.intent.category.BROWSABLE" />
95-->[com.google.firebase:firebase-auth:21.0.1] AndroidManifest.xml:37:17-78
95-->[com.google.firebase:firebase-auth:21.0.1] AndroidManifest.xml:37:27-75
96
97                <data
97-->[com.google.firebase:firebase-auth:21.0.1] AndroidManifest.xml:39:17-42:51
98                    android:host="firebase.auth"
98-->[com.google.firebase:firebase-auth:21.0.1] AndroidManifest.xml:40:21-49
99                    android:path="/"
99-->[com.google.firebase:firebase-auth:21.0.1] AndroidManifest.xml:41:21-37
100                    android:scheme="genericidp" />
100-->[com.google.firebase:firebase-auth:21.0.1] AndroidManifest.xml:42:21-48
101            </intent-filter>
102        </activity>
103        <activity
103-->[com.google.firebase:firebase-auth:21.0.1] AndroidManifest.xml:45:9-62:20
104            android:name="com.google.firebase.auth.internal.RecaptchaActivity"
104-->[com.google.firebase:firebase-auth:21.0.1] AndroidManifest.xml:46:13-79
105            android:excludeFromRecents="true"
105-->[com.google.firebase:firebase-auth:21.0.1] AndroidManifest.xml:47:13-46
106            android:exported="true"
106-->[com.google.firebase:firebase-auth:21.0.1] AndroidManifest.xml:48:13-36
107            android:launchMode="singleTask"
107-->[com.google.firebase:firebase-auth:21.0.1] AndroidManifest.xml:49:13-44
108            android:theme="@android:style/Theme.Translucent.NoTitleBar" >
108-->[com.google.firebase:firebase-auth:21.0.1] AndroidManifest.xml:50:13-72
109            <intent-filter>
109-->[com.google.firebase:firebase-auth:21.0.1] AndroidManifest.xml:51:13-61:29
110                <action android:name="android.intent.action.VIEW" />
110-->[com.google.firebase:firebase-auth:21.0.1] AndroidManifest.xml:34:17-69
110-->[com.google.firebase:firebase-auth:21.0.1] AndroidManifest.xml:34:25-66
111
112                <category android:name="android.intent.category.DEFAULT" />
112-->[com.google.firebase:firebase-auth:21.0.1] AndroidManifest.xml:36:17-76
112-->[com.google.firebase:firebase-auth:21.0.1] AndroidManifest.xml:36:27-73
113                <category android:name="android.intent.category.BROWSABLE" />
113-->[com.google.firebase:firebase-auth:21.0.1] AndroidManifest.xml:37:17-78
113-->[com.google.firebase:firebase-auth:21.0.1] AndroidManifest.xml:37:27-75
114
115                <data
115-->[com.google.firebase:firebase-auth:21.0.1] AndroidManifest.xml:39:17-42:51
116                    android:host="firebase.auth"
116-->[com.google.firebase:firebase-auth:21.0.1] AndroidManifest.xml:40:21-49
117                    android:path="/"
117-->[com.google.firebase:firebase-auth:21.0.1] AndroidManifest.xml:41:21-37
118                    android:scheme="recaptcha" />
118-->[com.google.firebase:firebase-auth:21.0.1] AndroidManifest.xml:42:21-48
119            </intent-filter>
120        </activity>
121
122        <service
122-->[com.google.firebase:firebase-auth:21.0.1] AndroidManifest.xml:64:9-73:19
123            android:name="com.google.firebase.auth.api.fallback.service.FirebaseAuthFallbackService"
123-->[com.google.firebase:firebase-auth:21.0.1] AndroidManifest.xml:65:13-101
124            android:enabled="true"
124-->[com.google.firebase:firebase-auth:21.0.1] AndroidManifest.xml:66:13-35
125            android:exported="false" >
125-->[com.google.firebase:firebase-auth:21.0.1] AndroidManifest.xml:67:13-37
126            <intent-filter>
126-->[com.google.firebase:firebase-auth:21.0.1] AndroidManifest.xml:68:13-72:29
127                <action android:name="com.google.firebase.auth.api.gms.service.START" />
127-->[com.google.firebase:firebase-auth:21.0.1] AndroidManifest.xml:69:17-89
127-->[com.google.firebase:firebase-auth:21.0.1] AndroidManifest.xml:69:25-86
128
129                <category android:name="android.intent.category.DEFAULT" />
129-->[com.google.firebase:firebase-auth:21.0.1] AndroidManifest.xml:36:17-76
129-->[com.google.firebase:firebase-auth:21.0.1] AndroidManifest.xml:36:27-73
130            </intent-filter>
131        </service>
132        <service
132-->[com.google.firebase:firebase-auth:21.0.1] AndroidManifest.xml:74:9-80:19
133            android:name="com.google.firebase.components.ComponentDiscoveryService"
133-->[com.google.firebase:firebase-auth:21.0.1] AndroidManifest.xml:75:13-84
134            android:directBootAware="true"
134-->[com.google.firebase:firebase-common:20.0.0] AndroidManifest.xml:35:13-43
135            android:exported="false" >
135-->[com.google.firebase:firebase-auth:21.0.1] AndroidManifest.xml:76:13-37
136            <meta-data
136-->[com.google.firebase:firebase-auth:21.0.1] AndroidManifest.xml:77:13-79:85
137                android:name="com.google.firebase.components:com.google.firebase.auth.FirebaseAuthRegistrar"
137-->[com.google.firebase:firebase-auth:21.0.1] AndroidManifest.xml:78:17-109
138                android:value="com.google.firebase.components.ComponentRegistrar" />
138-->[com.google.firebase:firebase-auth:21.0.1] AndroidManifest.xml:79:17-82
139            <meta-data
139-->[com.google.firebase:firebase-storage:20.0.0] AndroidManifest.xml:33:13-35:85
140                android:name="com.google.firebase.components:com.google.firebase.storage.StorageRegistrar"
140-->[com.google.firebase:firebase-storage:20.0.0] AndroidManifest.xml:34:17-107
141                android:value="com.google.firebase.components.ComponentRegistrar" />
141-->[com.google.firebase:firebase-storage:20.0.0] AndroidManifest.xml:35:17-82
142            <meta-data
142-->[com.google.android.gms:play-services-measurement-api:19.0.0] AndroidManifest.xml:30:13-32:85
143                android:name="com.google.firebase.components:com.google.firebase.analytics.connector.internal.AnalyticsConnectorRegistrar"
143-->[com.google.android.gms:play-services-measurement-api:19.0.0] AndroidManifest.xml:31:17-139
144                android:value="com.google.firebase.components.ComponentRegistrar" />
144-->[com.google.android.gms:play-services-measurement-api:19.0.0] AndroidManifest.xml:32:17-82
145            <meta-data
145-->[com.google.firebase:firebase-installations:17.0.0] AndroidManifest.xml:18:13-20:85
146                android:name="com.google.firebase.components:com.google.firebase.installations.FirebaseInstallationsRegistrar"
146-->[com.google.firebase:firebase-installations:17.0.0] AndroidManifest.xml:19:17-127
147                android:value="com.google.firebase.components.ComponentRegistrar" />
147-->[com.google.firebase:firebase-installations:17.0.0] AndroidManifest.xml:20:17-82
148        </service>
149
150        <provider
150-->[com.google.mlkit:common:17.1.1] AndroidManifest.xml:9:9-13:38
151            android:name="com.google.mlkit.common.internal.MlKitInitProvider"
151-->[com.google.mlkit:common:17.1.1] AndroidManifest.xml:10:13-78
152            android:authorities="com.example.handwritten_to_text.mlkitinitprovider"
152-->[com.google.mlkit:common:17.1.1] AndroidManifest.xml:11:13-69
153            android:exported="false"
153-->[com.google.mlkit:common:17.1.1] AndroidManifest.xml:12:13-37
154            android:initOrder="99" />
154-->[com.google.mlkit:common:17.1.1] AndroidManifest.xml:13:13-35
155
156        <service
156-->[com.google.android.datatransport:transport-backend-cct:2.3.3] AndroidManifest.xml:29:9-35:19
157            android:name="com.google.android.datatransport.runtime.backends.TransportBackendDiscovery"
157-->[com.google.android.datatransport:transport-backend-cct:2.3.3] AndroidManifest.xml:30:13-103
158            android:exported="false" >
158-->[com.google.android.datatransport:transport-backend-cct:2.3.3] AndroidManifest.xml:31:13-37
159            <meta-data
159-->[com.google.android.datatransport:transport-backend-cct:2.3.3] AndroidManifest.xml:32:13-34:39
160                android:name="backend:com.google.android.datatransport.cct.CctBackendFactory"
160-->[com.google.android.datatransport:transport-backend-cct:2.3.3] AndroidManifest.xml:33:17-94
161                android:value="cct" />
161-->[com.google.android.datatransport:transport-backend-cct:2.3.3] AndroidManifest.xml:34:17-36
162        </service>
163
164        <provider
164-->[com.google.firebase:firebase-common:20.0.0] AndroidManifest.xml:26:9-31:39
165            android:name="com.google.firebase.provider.FirebaseInitProvider"
165-->[com.google.firebase:firebase-common:20.0.0] AndroidManifest.xml:27:13-77
166            android:authorities="com.example.handwritten_to_text.firebaseinitprovider"
166-->[com.google.firebase:firebase-common:20.0.0] AndroidManifest.xml:28:13-72
167            android:directBootAware="true"
167-->[com.google.firebase:firebase-common:20.0.0] AndroidManifest.xml:29:13-43
168            android:exported="false"
168-->[com.google.firebase:firebase-common:20.0.0] AndroidManifest.xml:30:13-37
169            android:initOrder="100" />
169-->[com.google.firebase:firebase-common:20.0.0] AndroidManifest.xml:31:13-36
170
171        <activity
171-->[com.google.android.gms:play-services-base:17.6.0] AndroidManifest.xml:23:9-26:75
172            android:name="com.google.android.gms.common.api.GoogleApiActivity"
172-->[com.google.android.gms:play-services-base:17.6.0] AndroidManifest.xml:24:13-79
173            android:exported="false"
173-->[com.google.android.gms:play-services-base:17.6.0] AndroidManifest.xml:25:13-37
174            android:theme="@android:style/Theme.Translucent.NoTitleBar" />
174-->[com.google.android.gms:play-services-base:17.6.0] AndroidManifest.xml:26:13-72
175
176        <receiver
176-->[com.google.android.gms:play-services-measurement:19.0.0] AndroidManifest.xml:29:9-33:20
177            android:name="com.google.android.gms.measurement.AppMeasurementReceiver"
177-->[com.google.android.gms:play-services-measurement:19.0.0] AndroidManifest.xml:30:13-85
178            android:enabled="true"
178-->[com.google.android.gms:play-services-measurement:19.0.0] AndroidManifest.xml:31:13-35
179            android:exported="false" >
179-->[com.google.android.gms:play-services-measurement:19.0.0] AndroidManifest.xml:32:13-37
180        </receiver>
181
182        <service
182-->[com.google.android.gms:play-services-measurement:19.0.0] AndroidManifest.xml:35:9-38:40
183            android:name="com.google.android.gms.measurement.AppMeasurementService"
183-->[com.google.android.gms:play-services-measurement:19.0.0] AndroidManifest.xml:36:13-84
184            android:enabled="true"
184-->[com.google.android.gms:play-services-measurement:19.0.0] AndroidManifest.xml:37:13-35
185            android:exported="false" />
185-->[com.google.android.gms:play-services-measurement:19.0.0] AndroidManifest.xml:38:13-37
186        <service
186-->[com.google.android.gms:play-services-measurement:19.0.0] AndroidManifest.xml:39:9-43:72
187            android:name="com.google.android.gms.measurement.AppMeasurementJobService"
187-->[com.google.android.gms:play-services-measurement:19.0.0] AndroidManifest.xml:40:13-87
188            android:enabled="true"
188-->[com.google.android.gms:play-services-measurement:19.0.0] AndroidManifest.xml:41:13-35
189            android:exported="false"
189-->[com.google.android.gms:play-services-measurement:19.0.0] AndroidManifest.xml:42:13-37
190            android:permission="android.permission.BIND_JOB_SERVICE" />
190-->[com.google.android.gms:play-services-measurement:19.0.0] AndroidManifest.xml:43:13-69
191
192        <meta-data
192-->[com.google.android.gms:play-services-basement:17.6.0] AndroidManifest.xml:23:9-25:69
193            android:name="com.google.android.gms.version"
193-->[com.google.android.gms:play-services-basement:17.6.0] AndroidManifest.xml:24:13-58
194            android:value="@integer/google_play_services_version" />
194-->[com.google.android.gms:play-services-basement:17.6.0] AndroidManifest.xml:25:13-66
195
196        <service
196-->[com.google.android.datatransport:transport-runtime:2.2.6] AndroidManifest.xml:26:9-30:19
197            android:name="com.google.android.datatransport.runtime.scheduling.jobscheduling.JobInfoSchedulerService"
197-->[com.google.android.datatransport:transport-runtime:2.2.6] AndroidManifest.xml:27:13-117
198            android:exported="false"
198-->[com.google.android.datatransport:transport-runtime:2.2.6] AndroidManifest.xml:28:13-37
199            android:permission="android.permission.BIND_JOB_SERVICE" >
199-->[com.google.android.datatransport:transport-runtime:2.2.6] AndroidManifest.xml:29:13-69
200        </service>
201
202        <receiver
202-->[com.google.android.datatransport:transport-runtime:2.2.6] AndroidManifest.xml:32:9-34:40
203            android:name="com.google.android.datatransport.runtime.scheduling.jobscheduling.AlarmManagerSchedulerBroadcastReceiver"
203-->[com.google.android.datatransport:transport-runtime:2.2.6] AndroidManifest.xml:33:13-132
204            android:exported="false" />
204-->[com.google.android.datatransport:transport-runtime:2.2.6] AndroidManifest.xml:34:13-37
205    </application>
206
207</manifest>